500
0 5375 7487 2130 8714 6489 6405 7580 8312 100 8520 8256
1 5118 5937 7089 8093 2949 1328 9707 5000 9927
2 4090 5574 2123 3418 9485 6371 4008 2184 6656 699 2127 4913
3 6877 5367 3152 3582 8570 4655 7893 7809 297 8849 2508 3817
4 6348 629 4212 5378 3789 716 6433 9481 9793 1491 4383 5946 883
5 3838 7006 2345 2248 5532 4720 6387 9459 6155 3438 8367 4705 4326
6 5112 7716 5792 6462 9702 2118 2835 3745 1798 5887 5737 3132 399 4470
7 9781 3390 4017 5203 5412 962 5803 5652 1992 6269
8 8280 930 9325 2829 6174 4462 1958 9216 2901 5375 5554 6133
9 9221 500 872 9456 8806 6542 203 563 8157
10 109 6077 5035 8217 979 3959 3639 2510 5943 2817 7581 8904 1611
11 2559 8617 6997 8948 3869 6731 5377 2871 7231 2126 4631 8581 2125
12 4622 9550 1849 5312 4347 7869 7907 7481 4288 7816 1674
13 7175 7308 1329 5606 341 3722 3721 4060 2720 9474 3895 6034
14 323 103 2318 4947 5670 3619 1101 9180 6209 7961 8939 4068
15 2200 602 6824 5854 815 1493 8733 9474 4731 3989 8965
16 6490 6065 4093 8390 2251 3345 9081 5455 774 9244 9141 2285 2499 828 7586
17 8056 5083 3766 2978 3902 7762 6629 5284 6837 2691 8295
18 362 7884 367 5010 2220 1572 1954 1077 6313 21 7641 5486 9602
19 1732 3795 1916 2092 9521 7338 9340 176 1690 7833 1054 7223 518
20 393 6832 831 8927 7553 7844 1080 8264 352 5810 4788 6026 4214 8676 5043 8307
21 5119 2718 4389 6066 380 9722 5301 5720 5785 1404 9956
22 3940 2835 8530 2020 6331 1753 8066 6615 2096 7921 3642
23 4781 5378 6003 5597 5554 7779 5121 1792 4967 6619
24 237 321 1223 7394 6518 9885 3755 8158 8853 2504 7659 9159 1822 7851 6374 3700 1260
25 6443 7902 4303 1111 3120 6873 1552 9091 1587 2472 5716 2315 2956
26 6223 8054 6856 4521 179 4767 3375 4956 5643 6345 9604 6467
27 7408 4493 9143 639 2384 9489 2459 6702 6491 4424 9276 4832
28 3027 5289 4199 55 5694 3887 6107 5151 7477 1590
29 1340 2437 2363 5827 2842 3613 8468 2302 1579 3489 6124 7350 281 8102 6953
30 2410 2653 5920 5413 9631 8985 4277 3109 319 5685 3194 4725 9428
31 611 6256 8731 8312 3453 4962 3131 6528 8481 3591 6587 9487
32 3820 976 4195 3862 4332 1440 8845 7052 7092 3349
33 3878 4566 159 3033 919 1850 5748 498 8319 9927 8188 8245 1655 8711 5038 8428
34 6131 9912 2423 4894 7398 6822 305 720 1796 240
35 4840 5363 5521 5244 180 9687 946 7689 2880 7777 3456
36 7910 925 2043 2504 3293 4510 7872 9663 5382 9604
37 5252 9022 9343 5289 121 1377 7909 2846 1752 8067 3841
38 5672 7837 938 8868 7823 1265 955 7900 5923 7791 9988
39 3552 4316 1737 5870 5604 4974 3557 1838 3677 1858 3144 2149 5661 2282 1259 2604 7254 5801 3570
40 4248 2460 5995 3736 4725 4826 403 986 8014
41 9960 4652 7191 6717 8809 5681 8040 2132 888 3242 6521 8859 9283
42 8595 3707 7296 6241 2985 8120 7648 8226 5368 9588 802
43 2684 3085 8542 4791 6597 9936 2131 2428 8522
44 9769 6038 2346 9898 1244 7261 5375 9298 116 7595 1076 4209
45 7783 9722 523 7972 7469 9994 4691 4334 38 8308 1643 1657 7732 9248 738 4561
46 3733 8437 9499 9936 6448 6902 4785 8164 1399 7402 84
47 2507 6627 1645 9978 9241 953 3313 5799 6329 7123 9055 7117 4464
48 6276 9886 3276 3716 1952 6448 4919 9648 6552 7354 6073 5379 4180
49 9873 8418 9737 6005 3750 8549 3296 1713 9771 7198 9186 4249 5500 2956 3539
50 4900 52 5887 3042 308 2872 9149 5919 3228 1642 33 5988 1343 6502
51 7301 6900 5379 7165 7338 6893 2271 8521 4059 3754 394 3268
52 4121 9128 7779 296 1082 2584 8545 7980 9046 9169
53 198 3418 6385 2123 3375 408 8042 1717 1377 8024 7455 4823 7396
54 98 5733 8104 3320 1577 9114 1561 4631 1859 3955 5772 6304
55 905 6092 8734 2439 9591 8725 2738 5506 1493 7594
56 3248 1417 7276 8054 4264 465 2375 5458 1574 5355 5663 779 6702 7163
57 920 9859 7981 1024 6038 3330 1238 6459 2401 6124 7347 3405 5957
58 1930 1960 8630 3729 9692 9284 6201 4526 2218 3914 1484 6832 5180 7414 221
59 7661 7413 1849 6359 2639 3591 6941 7188 188 3993 3883 3103 3239 939 5411 6765 7968
60 1712 7090 6136 1727 9146 5230 5789 895 2856 8215 8939 8673
61 655 3747 5583 7881 5386 7702 1570 9013 4398 6292 4401 5391 5993 2720 9935 1530 8167
62 1266 9470 8992 8481 2538 6329 1059 9459 7638 1255
63 8184 6382 7043 5119 8463 1357 1881 4677 4728
64 2833 6735 4432 5928 3408 4846 4329 2270 360 5920 2335 7116 6550
65 314 7023 507 7431 6884 2483 3389 4582 9599 6814 4627
66 2678 2384 8908 4453 4884 5181 5770 9872 3065 2023 6680 6833 5766 4029
67 1347 5722 9758 8239 8007 184 9735 9969 2057 4406 869 9400 4450
68 5794 4563 7899 5171 642 1570 6524 9092 3125 5930 7226 9158 8345 2390 2693
69 6607 3925 9804 7444 5342 4 1850 8675 772 6097 1721 6547
70 8538 23 4830 1302 6415 540 3392 3908 5436 2655
71 6172 9621 2723 6544 8493 4356 1425 598 329 6505 2515 8162 6625 542 9197
72 1870 9807 2947 3923 8977 7789 9537 9551 8215 1988 5499 7161
73 3341 8963 7650 1557 8609 5700 5708 8366 6962 9517 4638 343 2757 7885
74 5320 1272 9484 2656 3151 6854 4761 2906 6281 2432
75 3624 2854 8801 6023 3682 7681 7461 4814
76 1936 1264 7963 6002 8949 204 6413 453 8061 3156 625
77 6837 2135 5810 252 9858 7492 2349 3773 5103 6647 4045 9063 4220 6058
78 9049 4645 2811 459 1664 4769 7841 8959 6465 2536 7146 8894 4134
79 1528 6763 6685 154 9835 9645 4875 1868 7568 9508 2364 5026 4224 6611
80 8438 8009 9370 3420 9845 8265 3697 9797 815 4049 9487
81 4769 9668 4062 7504 1427 4937 47 5547 3129 9957 6151 9576
82 7006 281 7624 714 6801 5292 573 8697 54 5225 3106 3747 3672
83 1849 7090 557 7627 5399 9548 5049 220 4512 8001 160 3547
84 6602 5049 1042 2615 300 5414 3175 124 7632 2781 3932 9989 8817 8290 4985
85 4436 6142 455 8292 8990 2609 4392 5376 9306 1740
86 9718 5199 3290 4730 2154 592 2677 7876 9441 297 6137 8910 5584
87 8169 98 1122 2590 3974 6860 1941 7716 9121 5913 1558 7425
88 3600 4293 1296 8350 2143 4484 8405 30 8557 3417 3437 8541 7771 496
89 1202 3398 707 9870 736 167 1186 5050 6422 1424 9993
90 2402 7911 3132 7220 7953 7336 5589 9373 1178
91 6267 7950 370 6086 4945 1136 3362 4759 4192 3797 2616 8789 3657 2345 1876 8193
92 974 3 4979 566 5822 2441 8960 5688 4594 5737
93 1214 779 3303 2781 2307 2498 7654 6511 3189 9903 6661 7542 1154 9216 7233
94 1905 6144 6698 6315 2192 2370 4578 1721 6950 2540 9904 5466 4256 3751
95 5410 9379 894 4685 7280 5131 9963 8677 1457 1191 6332
96 4013 2764 3618 3404 2858 750 3181 9176 850 855 1491 2773
97 7686 487 1576 330 5169 1370 9484 9415 8199 415
98 5059 6022 881 2207 7917 4788 1565 7905 8133 7998 7266 9194 789
99 318 2935 631 4744 1767 1344 5750 36
100 1479 2379 9110 1617 8061 4144 1897 7349 1555 7856 9688 4693 8179 9348 4970 9215
101 5931 1339 9617 8728 5588 4412 5628 9807 8382 8092 2647 5304 3807
102 9412 9513 3987 6090 5598 5107 1418 6733 3727
103 4563 3274 3895 5529 8949 4090 7072 7183 6304 6961 2362 4801
104 6757 3274 2373 4869 7359 1760 2073 7006 2349 3376 2858 2404
105 2085 103 6493 732 4023 8033 8829 1069 9142 9988
106 4153 685 7287 8418 2526 8222 6809 3851 1078 2017
107 1909 2428 2826 6882 316 6272 44 3701 7486 4450
108 3484 8195 4301 4777 979 8276 3225 4567 140 2746 292 3028 270 2212 7167
109 3378 7597 3388 9543 380 1162 4644 8384 6601 1007 8935
110 3299 6745 2796 9524 8394 5886 4480 4261 5929
111 6710 598 5118 2892 6146 6516 8394 3490 1663 6581 4958 1139 3013
112 3442 1616 2680 352 3338 53 2829 7522 4793 4402 1535 8402
113 4115 5354 5945 9425 1024 5572 6145 9987 6041 2156 9912
114 8740 7150 865 563 3842 5412 9262 3616 9159 2556 4765 4551 5126 4684
115 5350 8226 7143 1960 5109 4169 3680 9679 3964 2767 7228 9709 6115 1711
116 7433 912 3681 6551 8218 966 1451 9821 5499 1755 7545 6060 1562 194 4254 5251 9298
117 523 3967 6201 1934 3759 1823 769 6001 1039 5439 7314 3420 9285
118 1597 9699 3092 1386 1130 3496 3171 6075 4991 5654 7433 2519 6798 3722
119 1314 4889 123 464 9576 3901 8008 9658 8837 9891 3094 3699 1066
120 2435 6666 1894 9343 1242 7355 1320 4015 9976 895 9698 4203 5187 2000
121 4451 421 9208 5768 2503 5761 9340 8233 5986 3137 8905 1276
122 2582 6354 1357 8207 9153 3737 4027 9508 2129 7059 400
123 35 6192 9364 8619 8481 9548 3868 5763 3291 3515 4055 2856 8579
124 5206 7257 3881 2443 8425 2595 8483 5707 6477 2112 455 9328 5245
125 1129 1347 6526 7608 6909 6887 4608 2705 7993 8868 1579 4354
126 1664 2431 7454 1391 6093 604 4836 9361 2110 6693 5415 3537
127 8549 4119 1335 4227 5470 7963 8202 8 9045 9537
128 2295 8621 838 9917 7723 3276 9196 3977 4873 9371 7141 7381 2002
129 6231 7490 9483 8195 7719 7329 8092 3011 753 3830 1735 5724 1181 2243
130 6489 9894 7108 7827 5298 2961 2978 478 9063 7242 5557 6537
131 8944 4918 7888 166 7806 1261 6132 8515 1595 4356 2313 1924 84 2752
132 1983 6257 9068 4259 7874 3616 7945 5363 4250 9312
133 3295 2068 8547 7784 3128 3415 5662 6107 7759 9781
134 740 6144 5569 49 8133 7670 5614 2485 5902 2878 5532 2231 6478 8722
135 9895 4968 2569 8314 9456 6735 8263 2952 2450 7771 1408
136 4200 8162 6548 1734 567 6194 6051 7247 752 2547 7195
137 5127 2676 2699 5456 9857 2706 4039 338 2308 9912 3027 7569 7525
138 1911 2498 4370 1825 1912 7966 8934 6498 5433 5661 3459 1195
139 3058 9200 9116 4097 7409 7651 7184 681 2568 7448 6364
140 8888 7105 434 7339 4087 6658 3096 6339 303 5843 4284 9871 6739
141 3837 9630 7313 9681 1798 2625 2589 5977 129 4013 2141 1879 9858 5715
142 6713 3466 3990 7216 4854 8353 4837 8484 2668 6248 3904 3799 202
143 6397 1870 9746 3206 6450 169 1459 5603 4474
144 3838 4612 3780 6192 1967 59 7107 8614 2705 2339
145 1099 1235 3809 4240 6969 6833 9649 9152 1481 3283
146 4138 9411 6713 6841 6393 366 4580 8158 7036 3488 3665 3077 6144
147 6914 6070 5764 6539 2235 7491 8997 7884 8956 738 9688 7173 2063 2640
148 2119 3508 139 1457 5707 1960 5942 9789 7464 8844 2058 9666 9312 3192 438 5605 3806
149 2829 4315 9036 7221 6464 6242 8024 2223 6508 4870 8624 4330 7606
150 6033 5409 8756 2402 9050 1933 5110 8931 4873 1218 5743 940 1418
151 7201 6005 5403 5849 62 2947 4340 5580 4597 1801 7458 34 2736 6067
152 403 237 9022 5625 569 1353 8345 8362 8656 2389 365 5382 3797
153 3667 5809 5979 6125 3445 1151 4116 8120 1348 2863 7522
154 7158 6348 8444 969 7966 7262 8305 9534 4330
155 5850 1431 4902 1741 7689 1019 7069 1199 4191 9934 5240
156 9030 185 1805 9976 8050 451 6416 5851 5727 5953 2962 4310
157 9196 2958 5121 6899 6961 482 2574 6267 5952 763 4743
158 9530 241 1976 7589 2754 3704 6034 5361 771 2598 5520
159 3289 6020 8202 8939 5268 7507 2569 5046 6122 7953 3782 3276 7153 528 8227 8722
160 9511 9080 4651 2997 3745 7894 4553 9490 8947 695 7066 3025 547 7285 8858
161 1114 7832 7654 2315 6736 3233 3366 1297 5078 2714
162 1643 7666 982 3825 4827 4752 1956 9978 2777 5054
163 60 3520 4772 560 7653 6522 7942 7631 6432 3080 1779 1622 4953
164 3614 6636 472 7481 5192 8893 5112 3697 6896 1537 6647 1156 7234 9580 1010
165 7925 9750 2849 5902 6658 8774 3175 9532 4975 1292 865 673
166 2420 5663 7309 7573 1278 3666 4895 2647 7433 2185 3119 1327
167 9691 7732 533 1548 848 1107 102 7346 1193 6627 5679 5726
168 3525 2208 4723 1310 9128 5011 6870 886 1133 8238 8106
169 1896 3982 4244 9455 1321 7762 9692 2885 2017 1043 1280 7755 5186 1344 1535
170 8801 5613 6490 9097 8053 8435 7710 1327 6255 783 7067 2913
171 3534 5744 1049 852 1807 6410 7051 8520 9821 8462 7126 5680
172 5976 2677 8975 9017 8732 5142 5481 1155 7100 5838
173 3325 4247 771 2454 5522 9509 5919 4117 1564 8180 5061 6693
174 6746 9340 5267 7898 3637 8521 5382 3354 6397 765
175 5835 4058 5703 3500 4870 3544 8074 2081 8752 6195
176 7657 1208 5796 3219 9098 2288 4897 7524 4334 6277 3610 4442 5608 9698
177 3695 5703 1502 4152 4572 6860 7847 7217 2736 7262 3429
178 2675 6607 6637 9372 1181 7280 7002 5511 2999 3402 2212 3683
179 4417 5846 602 4843 3557 2954 8078 6899 8967 7409 2189 125 6920 8212 7932 5957 3945 2310 6258 3121
180 6542 9761 6904 3024 4556 3753 1915 9241 9449 3716 8955
181 5001 5427 7222 3892 6642 5367 158 1079 7963 8498 3195
182 6628 6639 5327 8318 8738 6926 5006 7308 8334 7513
183 723 6562 6337 5280 317 465 3089 5159 1508 6397
184 1280 3702 7037 5683 9187 2433 591 1989 8534 3349 9608 8585 6327 6577
185 1964 725 1077 5691 277 6674 2110 4000 4018
186 8410 1343 4533 5015 4615 3901 349 6248 5677 9081 5644 1527 1176
187 6882 6764 2220 2952 719 7311 9207 1537 6712 6496
188 9339 7552 8235 2153 4181 3682 9278 5143 1126 5182
189 4688 6952 3209 587 2172 9779 4471 8360 1289
190 5814 3978 5126 9225 6686 5316 156 5649 581 699 4081 7769
191 3133 7944 9455 6585 5885 6473 6332 1888 9534 2213 7436 5429
192 4513 6638 2675 9043 1087 6970 2910 9189 7894 5290 9408
193 4215 292 7356 8201 1524 2415 3852 7155 3545 6037 5237 732
194 4729 7590 7019 9678 9232 7518 4637 6345 2805 3077
195 4841 8091 7095 3044 6161 7991 9352 3782 1040 4985 4739 7114 8859 7777 5401 5316 8836 9606 3561
196 5275 7350 563 1010 7210 2581 4025 6354 4067 5829 7881 1657
197 141 7752 390 9819 3511 8080 3951 730 9698 7344 9173 7622 8965
198 1671 3687 6574 1698 1203 6609 4019 7940 6320 9451
199 410 6424 4472 9782 972 7524 1560 9895 6731 4561 7926 5294 5661 349
200 1023 143 8951 2163 8647 3461 5931 1499 1071 9805
201 2243 1770 9955 728 4220 7716 2536 2832 9504 3571 5503
202 6425 2514 9736 9409 2243 4089 7710 7322 6494 2827 1554
203 9966 1017 4812 6498 9530 5114 9743 5086 7517 6431
204 91 839 2291 8601 453 9517 5228 6627 790 8255 5564 5636
205 2765 8540 2297 1247 8371 7662 7313 9984 6748 3468 5737 6210 9551
206 2729 7859 5907 172 6956 8746 446 9514 6257 5870 8310 9407 8419
207 4058 2998 8037 9795 9693 4837 4549 3987 6563 3907 1574
208 6688 5870 4401 1648 2590 1521 1082 2211 7591 4891 2666 4287
209 6950 6897 2484 1132 7184 315 385 6085 1147 6106 925 3243 8105
210 3755 3532 1381 5213 558 7942 1756 5288 3669 4588 1051 3807
211 8796 6364 5938 9421 9556 4400 2183 5106 5256 6875 4328 838
212 4102 961 7165 898 3979 9224 2934 7980 7416 7461 4106 9414 6321 7044
213 9798 6822 4006 4397 786 6561 9861 9683 4362 6354 1577 9478 6458 8898 2491
214 57 2038 9032 7253 1318 8807 9307 2693 1901 5286 5647 5731 2306 8579
215 3471 3411 6186 5846 5453 7208 8855 4740 5169 7617 3631 5553
216 4850 1919 6877 7096 9692 1797 9774 2372 849 8605
217 1132 2101 9424 4837 4475 715 1826 4911 7791 4365 3262 1894 2195 5462 3172
218 827 2925 9207 8226 8318 3326 1809 5418 658 2694
219 9490 2463 6164 23 5655 6052 5510 8807 2235 261 9038
220 3694 1114 6946 1548 2288 9098 7990 2479 7326 6970 8976 6712
221 3739 4678 3972 3121 6983 8658 7824 944 1006 6973 1869 9442
222 9237 2742 5460 7174 998 2422 4984 683 1368 5005 1261 4684 7289
223 5066 5109 324 9314 4673 5179 7521 4569 6710 9654 9330 1960 7100 8092
224 2686 6388 4080 6038 7240 3697 5018 3737 1344 7522 6287 1401 1790
225 4815 6875 8514 2327 3415 5805 3953 4639 4858 7500 8079 8237 7522 4787 7419
226 152 6750 2225 9107 5795 189 6612 7307 89 5476 4003 4108
227 318 5615 2235 6179 8719 4958 8291 2893 5123 140 8939 5885 1479
228 8664 7473 4943 8911 7639 9039 4139 1114 4205 9703 4159
229 8962 3743 4487 2868 119 4936 6368 465 563 8994
230 728 1201 2644 1297 7610 1481 5880 9495 7686 6386 6526 3383 4967 3815 3545
231 3117 8114 735 4482 59 412 3255 1567 4099 7472 8269 9804 2628 2816 2522
232 4835 9878 8514 8715 9197 4266 7453 315 8894 9415 2734 2730
233 4956 9622 554 1566 6255 8689 8435 896 3881 2030 3623 7063
234 1219 2465 8315 8711 2493 3880 3834 1080 8057 59 6203 9428 512 6635
235 2253 5037 4967 1594 4340 8177 1813 3690 2908 9824 5280
236 6556 7484 8770 9811 3231 4954 1534 2225 5373 482 9270 5044 1163 6793 131
237 6203 7210 392 5635 927 6161 6317 73 4453 4256 9710 7739
238 2332 2065 2878 391 6337 4152 4243 2161 7373 2629
239 7692 2317 2589 9746 2604 2718 2825 4780 3525 8040 4555 7104 5973
240 8640 386 6912 3890 7249 6369 1697 2952 3576 2745
241 2408 3083 5981 9728 1718 9933 9349 1645 4275 3185 8858 3375
242 3473 4082 1280 2145 7016 8751 2003 489 4954 4322 955 9244
243 2154 2769 7693 5976 4001 8440 1799 1067 2922 2116 3064
244 9210 8917 6116 9366 5785 4015 7315 4631 2038 5804 3144
245 1584 3500 6504 1822 4251 8605 2768 9835 3097 8 9335 2161
246 6223 688 3592 9347 1907 5869 6391 9356 6604 8112 7268 3612 2329 4297 1176
247 3447 153 1104 2181 7571 7215 2526 1011 9007 9717 8145 9364
248 5184 4438 8979 7055 1566 998 203 2255 2397 1666 3056 901
249 6202 3479 5388 7077 8622 448 9210 9807 653 341 9667 601 705
250 8034 2819 1326 5803 1143 9402 7527 8932 2326
251 2067 9980 8340 5963 8571 7042 5019 2666 439 6597 4355 1071
252 1326 9207 8971 195 5365 604 5131 7877 3267 4102
253 5299 2644 610 7756 1437 9817 6818 5655 9891 9298 3148
254 5365 7430 4345 1498 8347 680 7493 2816 7729 4238 5780 7771
255 7128 9006 3200 3646 6234 3563 3795 8386 2863 9705 560 7463
256 4217 1497 3495 4356 3023 8435 2790 4957 6682 9773 3757 119 2773 8593
257 4255 1722 8095 3614 5876 7728 7498 5965 6032 9471
258 1014 3971 3615 7660 8171 6061 5451 4404 4013 412 9763 661 5502
259 8149 164 305 72 9231 7428 5529 3332 3059 4170 6850 5961
260 5280 4442 5423 8798 1828 4099 7666 9054 8135 3040 5079 5662 7643
261 3333 965 8019 2340 7782 2580 9604 4077 5204 2004 8718 7028 1373 6358 8224
262 741 9712 6452 7472 6708 518 1035 9457 8605 2313 6139 196
263 6342 3999 2203 7875 2952 6776 3971 5158 9710
264 6780 1566 5183 780 3858 7232 7933 130 7935 8451 7359 1284
265 6527 3653 5466 8018 9024 4307 5297 9145 3523 3745
266 632 9722 7151 1652 5466 2104 5470 8636 6745 568 4192 7105
267 3126 1560 6250 2168 9440 1369 8215 9369 356 9841 9622 1784 3600
268 3399 7540 9606 6942 7842 7043 673 3894 5464 5339 291 6503 2966 369 3507 3255 3214 3092 3602
269 7819 7541 8166 6098 8503 4172 7464 3479 9781 8940 6280 4382
270 2166 6729 2790 6920 827 6435 2345 94 6139 9742 9533 7577 4911 4738 7852 9510 1649 847
271 730 5193 686 6547 4750 5440 2389 4253 2317 2664 3979 3805 382 917
272 1189 6191 7977 372 2599 7887 5279 1036 7203 480 3381 5155 395
273 6971 4505 4778 3183 3922 399 8559 6351 192 7882 7484
274 8082 4772 5370 6485 8532 6452 6292 3131 8972 1829 5359 1770
275 506 122 5255 3614 1973 4435 6669 3375 8822 9163
276 9954 5683 5170 5451 8713 7292 527 8661 8038 5558 3926 528 2793 5492
277 7711 8911 1943 8603 3328 6079 478 2845 9304 7302 1752 155
278 9494 3172 7163 836 9522 8601 2454 6527 4047 2119 3813 5392 469 8486 1167 3044 4070 3015 5880
279 6760 265 8812 8887 7746 7270 9445 8026 6639 161 4941 3448
280 7528 869 854 1969 4460 7764 7649 13 3573 3758
281 4182 945 4112 2321 4305 678 6476 3981 520 6768 2923 8255 8234 1339 658 8708 7037 8068 2155
282 1831 4207 8730 9172 7587 5677 7929 8482 3011 6591 8896 3457 1855 3374
283 3481 4600 21 4796 159 5476 8182 8429 8154 3948 441 8741
284 3054 659 9228 1920 6320 9490 7647 5010 8739 5824 9157
285 7901 5730 7150 5605 4867 871 90 1920 8813 2743 9668 8122
286 8120 5898 6431 753 5461 5332 652 7774 3127 9806 5111 6784 1974 3926
287 6253 2800 5752 3843 4793 8236 4410 8025 6398 5964 8111 5103 1496 6545 2577 7686 9655
288 5547 4756 7287 4589 6046 1991 3397 8529 3209 109 7053 8911
289 5092 8771 772 127 5219 9816 7489 7354 3691 2712 1029 7789 4558
290 4564 7434 3201 4913 1079 8149 7113 4608 8386 5109 6149 9500 9668 4253 5797
291 9662 1953 3763 2977 8292 8604 3461 6346 7743 6692 5813 5258
292 8114 6971 8192 1802 9643 1366 3300 1127 1950 3883 1164
293 6573 6643 551 5333 6982 744 1845 4195 9698 9535 7742 3808 3293 5903 5795
294 6553 7907 4843 351 2841 8996 6215 9498 5448 8604 7043 4326
295 1428 3292 9283 6922 8569 8607 7354 9675 2863 8801 118 3293 1799
296 287 1323 6366 8642 518 9341 9067 863 6770 8681 3313 3354 4744 8473 8919 8325
297 4654 151 5971 1510 6658 1208 5263 9159 4940 8122 1840 5623 7859 7355
298 8505 3826 8057 1622 8200 3434 824 8476 2983 9064 8593 587
299 5829 720 4274 44 4672 7112 7565 7890 8346
300 87 3034 3963 8466 475 400 3178 6457 6193 501 8312 9418 8829 5407
301 2373 5061 1517 2776 1341 3889 5547 2758 1371 328 8230 3659
302 6609 8137 3198 1552 6729 9173 7567 8941 5156 9371 1743 2009
303 9547 5163 9825 1790 4829 2697 9761 5912 5534 2652 9832 3953 4589 5126 1220 4784
304 9951 7347 3278 3136 971 6930 3069 2029 9755 7157 9752 1763 4965 9199
305 424 6656 163 9450 3433 6376 4410 7531 3118 9361
306 1992 9201 8168 7562 6836 6952 5302 441 7191 4934 1776 8549 2932 4835 5794 7545
307 3911 2458 4996 52 7546 9579 451 797 1150 4818 6492
308 923 7057 1826 8406 8672 8720 3277 8152 3886 2137 8312 9106
309 7584 122 666 6294 2920 4440 6619 4605 3086 1106 4077 3172 9014
310 3105 6978 7121 6334 7454 1162 2740 7607 3838 7561 1007 3428 2953 2586
311 4223 7713 2515 7327 4771 3508 9733 5773 9254 8154 5135 7447 1828 1356 8008
312 510 4931 8685 1553 4862 92 9937 6169 8711 7852 457 2676
313 7730 4627 1426 1900 9211 6243 7555 6374 8077 6969 6707 6669 5429
314 8983 7740 5912 4927 7645 9390 7206 2905 674 7698 2626 6105 4282 7851
315 5878 9369 3180 2815 893 7163 851 8270 3828 4312 9327
316 3019 857 6850 4918 7708 3158 4747 133 9281 7686 4928 1140 6096 8570 6248
317 1111 5388 4470 7050 163 1881 9013 1794 5450 7916 6720 5961 2965 1770
318 4090 3244 4389 3956 3552 5432 7699 7618 6540 7992 4127 9650 8335 190 4722 3476
319 5117 6918 6367 4455 6855 445 1031 7854 8521 3600 9065 865 7012 3700 4892 7736 1123
320 5114 5529 2111 285 1528 3132 7721 6567 3162 4579 8107 1633
321 9554 3474 7789 8217 4042 3184 3224 8729 8250 3973 3419 7904
322 5207 7087 7573 5370 1303 4360 8940 2098 6235 4625 8298
323 4933 1461 6098 5532 3433 7157 2860 6504 6864
324 5722 4714 7259 9590 6669 3813 616 9241 7012 5668 2924 3171 456 9898 7040 3454
325 2334 7913 4543 9685 605 7965 7358 1475 7321
326 6300 3199 6354 5498 3417 8286 3352 4684 2168 6334 5623 2148 8376 7598 2675
327 3264 4359 5869 235 3150 6713 6854 6213 6164 9238 7933 4302 4661
328 915 3738 8638 5902 9700 5059 9996 9416 6412 9115 1719
329 3980 5537 1678 66 350 9622 62 923 3195 8600
330 6682 5384 8329 4489 7779 6987 908 3881 3653 3200 5660
331 3217 6989 351 1527 3101 2853 3618 5156 648 273
332 5943 3482 458 9630 3408 2544 5388 5415 4917 6637 488 9933 4045
333 3705 3515 5382 1258 9530 7296 1915 3411 4053 406 3439
334 3909 1807 1815 6149 8004 2267 4265 2693 3799 2915 4319 9266 1348 8343 1491 2741
335 5955 7105 7888 7560 3973 4438 2869 8174 1992 4141 9210 1164
336 4538 3710 2055 2962 1609 3870 6094 8358 5135 9446 1714 5232 2327 5487
337 5782 6107 1273 2390 2267 7473 7972 4508 9454 7226 1299
338 385 5190 960 1248 7067 7576 4636 2927 6728 937 9347 8702 6563 4594 5208 8843
339 1021 7088 9836 1020 8608 7050 6009 338 2069 4368 1041 6494
340 9614 1124 2657 326 8443 8968 8524 6789 1901 4021 4476 30 9321
341 8192 8413 5736 6861 4564 9345 6117 5953 5023
342 6781 5893 4234 4214 6893 5526 2214 3958 7059 7817 7409 4713 2607 8356
343 2614 4274 5693 9822 5381 9860 9153 7318 6573 8819 3789
344 4124 5347 9804 3589 9377 4633 4215 1387 841 8521 1375 3158 3664
345 1635 1157 6167 1390 6668 6432 6662 4548 6619 8976 977 6153 9671
346 6471 4834 3198 6578 2084 9179 797 6958 455 2578 4070 7072
347 7497 5712 1423 3293 8345 3777 4805 3345 8091 102 9150 3249 676
348 7966 729 5594 1709 1586 7336 3127 7920 9843 2756 4593 3487
349 1945 3815 9782 4432 3516 2782 2719 4285 4466 4641 5848
350 8155 2141 6101 2516 4097 5890 3699 3362 3492 4626 4484 9859 7180 9050 5548 8363
351 8253 7677 8446 1626 4737 4942 1760 1037 8895
352 2536 4120 8310 2034 9314 6913 9067 5868 5286 2298 3716
353 6762 8167 1694 6758 2485 1128 4704 399 2839 2885 4877 6430 411
354 2105 2189 2708 8564 891 7042 9876 923 5766 1316
355 6703 6574 3149 5045 4186 3211 1754 6537 7196 7659 2290
356 2584 8830 2640 6330 7521 7800 5411 3001 8688 6458 4821 6517 6660 2325 4151
357 3301 9210 2909 7025 2 102 9827 8157 3370 2572 3586 2464
358 47 3769 4572 8529 6572 4199 3273 3871 5361 6170 8483 6496 250
359 8641 7434 3133 9711 8749 6112 6072 2058 4573 4530 279 4531 4431 8361
360 4830 3607 8749 3814 9223 464 3767 9682 1696 9493 2428 4402 8880
361 3333 8988 843 8244 5938 8406 1108 7160 4628 3129 4490
362 8846 5538 68 9276 189 3554 8940 5313 8237 524
363 3090 7377 3769 2574 3441 3941 4722 4743 7877 8566
364 6936 6704 4176 3715 4360 7790 7415 6411 8347 982
365 2861 8468 446 7602 8662 3800 7259 2674 5573 512 8077 2294
366 5595 4743 7594 5755 3696 2555 5386 2631 6646 8308 1753 8609
367 6886 6364 8279 1948 9234 9220 316 3589 2969
368 9303 6050 9532 5451 1468 9100 2093 5315 8686 995 5206 4241
369 2947 6749 7069 1177 2454 1256 8340 5705 5530 472 4154 889 8230 9211
370 3177 2715 7009 5110 3452 465 9186 3782 476 8056 55 4135
371 796 4073 6200 61 8190 4941 937 1180 3536 6746 2633 1065 6785 8986
372 8422 2270 1832 7154 8520 976 3327 8222 6990 1376 9795
373 8438 7403 966 9753 3452 7154 2562 8457 9755 9440 6112 8265 6341
374 1042 5082 1930 4934 8066 4270 7454 7768 8450 9669 6339 2202 3256 132 2125
375 7571 3473 7021 4474 8392 7079 5587 4488 9990 6273 3718
376 1470 1941 6661 5841 8299 2752 684 127 5291 8618 5870 4680 2988 895 8688 550 2485
377 375 4035 1210 8260 9829 3575 2554 1998 4347 4041 4670 5767 2049 8836 1963
378 8034 3092 5318 1517 4940 804 3842 9546 9707 7173 319 7715 7367 6057
379 5938 4477 1867 9070 6835 4770 5829 2541
380 3666 2468 2304 8033 4969 1944 9150 5572 4412 9433 415 6879 3119
381 1493 759 4395 3313 4593 7718 4210 9424 9628 8816 1562
382 8357 1500 3792 7249 8442 558 9141 6571 5082 40 3797 8813 9444 5533
383 4872 1936 4580 137 6485 3983 1986 6952 9599 2549 1893 874
384 9566 6136 2941 2340 4271 7892 1568 7964 7080 4447
385 129 9894 4724 3603 7336 6336 9692 3282 2750 9542 1002 6739 5885
386 8011 7680 1055 2164 9064 8461 4908 9905 7802 9474 3946
387 9944 1310 7576 4652 3189 1975 837 5008 906 6065 8146
388 6119 6654 4328 2769 4726 8978 9740 9949 7868 2693 8780 6656
389 8461 9774 5961 6634 3043 3630 1927 9709 7014 425 6925 2834 2114 4181 1953
390 334 6209 5016 9047 8219 5951 1791 3436 9144 220 9501 1282
391 2574 8438 7356 7334 5692 1934 2089 6770 4644 5644 3292
392 9472 6976 6456 2667 70 7912 2003 7341 3123 6949 9317 738
393 5710 8960 5941 1834 3252 1977 3551 7808 6903 8346 9804 1889
394 4928 809 2114 5679 2066 5465 8775 5147 6265 8887 9253 4871 5919 4359 2566
395 6177 6465 8548 1920 2749 4622 6101 4070 2113 846 6363 4791 3464 4679 1206 8927 2925
396 4267 7992 7526 694 703 6254 3894 9716 4522 8028 2378 303 2995 1670 2342
397 5816 4716 3563 2077 884 265 7779 4997 5727 1523 8809 3641 914
398 820 7875 3173 4068 6231 5468 319 296 1030 8665 9279 3787 259 6187
399 458 6396 316 7700 1869 8402 5564 3848 9505 1355
400 5296 2243 6741 9479 4677 8426 527 6884 3461 3952 5462
401 4 7083 7112 9925 5798 309 581 7712 165 5909
402 3608 9661 1403 4727 8573 1818 8675 178 8352 4927 8109
403 2282 562 2287 4903 2206 1381 9811 778 6119 5152
404 8955 9461 221 5376 3108 7621 3829 6745 6509 7840 6113 3005
405 9154 8755 4668 6678 7554 1774 6461 1106 5932 7367 960 6309 9218
406 7157 2409 4222 5369 7054 9831 9508 2793 8639 8833 5240 9952 9788 8284
407 2112 8433 6695 7225 3221 2827 2720 659 845
408 1286 700 2236 3120 9986 4379 531 2384 7813 60 5756 4950 3345 5997
409 3372 2420 2548 3419 9855 4576 9716 5096 8784
410 885 4351 7997 6554 8891 5097 4672 5018 4806 8382 2532 2491 4252
411 805 5309 413 3387 5450 3588 9247 8952 3065 2606 9115
412 9225 7292 1911 9648 4602 2550 9150 1991 8402 1877
413 4051 1896 1253 8191 368 5854 3709 131 3760 9566 949
414 6448 6256 2749 7657 668 5781 5196 8671 4085 1592 4591 2846
415 5960 8594 5079 9811 3645 9691 942 8038 8136
416 6299 6597 2411 592 3315 8114 7227 7757 7559 9885
417 2163 5425 3773 6109 6613 8822 5678 2225 5317 8303
418 4895 3671 5564 4708 1468 5652 3672 2643 2962 3297 9738 1473
419 6297 7342 5002 8953 5028 5768 6587 6224 8660 4407 7354 9909
420 5124 603 8739 6128 7954 1104 2857 9901 9360 9098 6608 7389 3153
421 7416 4964 2232 4115 9092 468 3039 1316 4431
422 3867 8319 6001 4177 4580 5642 6485 802 3948 5913 4497 8285 4178 6168 141
423 6665 9196 8272 2795 3126 5737 207 9005 7353 2241 5030 4970
424 7887 9726 8040 8393 3034 7050 7654 7955 7071 9745 7641 6060
425 9406 1256 2842 1369 3048 1586 2130 6578 9041 4273 7715 6973 3827 5042 5992 2938
426 1620 8331 4181 5163 9956 5186 3064 7605 5217 4415 1718 847 4864 9637 8486
427 5382 9579 8710 8135 3522 756 8608 7843 3656 6954 7781 6085 8320 2013
428 4248 5454 1935 1079 4343 9830 4628 7942 3265 8233 8413 6327 1946 2210
429 1712 150 688 3627 9228 7988 9972 4211 2318 4068 8775 7135 5257 110
430 2558 3244 3498 1595 976 2416 2205 7591 6339 5923 1593 1396 3357 1686
431 2561 7704 2590 2331 2505 6241 9243 777 7761 4913 783
432 4456 7022 6550 9494 6091 5951 8901 3479 5158 1338 7688
433 6884 9616 8092 1205 8290 8002 6089 4206 840 9023 7215 3269 1272 7104 7 5401
434 7445 1059 8208 2172 6239 4714 4576 1840 452 7771 4880
435 7674 1036 549 230 6188 4297 3801 6052 3729 4766 5268 3723
436 6443 6768 2071 5505 1761 4288 4299 88 2653 7474 4448 243 569 1716 5836
437 86 1303 3425 7262 1545 2710 4766 2040 523 145 779
438 8504 3035 3236 2489 6161 8094 3783 8712 9920 4000 8606 680 2203
439 3192 6899 5615 2258 5426 9225 3521 9292 4730 8434 4342 5050 7206
440 3286 6453 2419 5141 4280 1644 4311 4672 7562 5973 6769 9704 1601 8324 5638 9846 4284 2327
441 9033 3994 7466 3806 469 6160 7210 1102 6586 5734 6479 6880 205
442 1586 6534 6878 320 6461 7429 7772 3031 1304 2627 4276 7855 8922 7233
443 6286 9389 1077 7829 5513 8859 6689 6855 8582 3860 1401 9976 3783
444 5447 1202 65 857 865 4139 9640 3584 7723 1921 2570 4974 6470
445 8834 2643 7934 3754 7575 9661 3715 1053 6801 3699 6101 8828 4265 5572 5399 4840 5504
446 2984 8881 873 8025 6616 6823 2211 140 9489 2134 5619 3280
447 6231 6704 2349 9260 5039 5022 7810 3742 1530 6619 247
448 5573 6792 2249 5476 5104 8862 8824 806 1392 1336
449 6358 4980 9043 4043 5864 8273 5217 8549 142 1092 6148 2707
450 6730 6651 9222 167 9787 1772 4573 9930 6089 7069 3545 1380 6126 7409 5929 7536 7604
451 7104 5162 8588 1955 8670 714 7464 310 4030 9170 4401
452 3311 3026 2306 7381 4577 1573 2006 7396 4533
453 7485 2433 5676 9855 8570 3709 2850 1288 1065 3173 9981 3383
454 1294 9051 153 6560 6588 4051 3065 6487 2988 9301 5675 9315 9376
455 5139 9735 7899 6409 2904 4933 1532 8318 392 1391 8967 3785 2611 583 847
456 9938 7671 7267 7455 8729 8371 6361 2058 5671 273 2381 3860 7131 8174 5359
457 9166 6480 1104 9318 5123 2252 501 2795 4898 1533 9409
458 5103 5656 3411 4724 8379 8066 3356 524 4206 6620 4403 127 5897 6331 1625
459 769 4871 6540 8693 4161 8907 1774 815 8177 7982 9774 2605
460 4040 4000 8566 6137 6479 8529 1651 3427 3049 2524 6263 9145 513 1269 8662
461 7334 6760 8103 782 6947 9511 4209 2180 6406 6897 8274 2881
462 3472 7703 4690 5216 9567 5820 7138 6799 5159 3804 6741
463 6557 7969 8676 2611 8638 3475 5463 6206 2609 5880
464 1630 5651 4100 1014 3045 3217 2246 4607 90 8236 3400 5534 7001
465 4373 9375 1238 8648 1878 7133 1562 1315 9704 271 6688 5654 1979 626 7026 2244 2721 4526 3507 2490
466 4142 9668 7087 8666 42 9598 6118 3887 5661 7832 227
467 4964 2245 2565 9156 947 2675 6868 5294 5925 4934 6223
468 4553 7025 795 8941 7821 4421 9384 8205 4588 4952
469 6606 3364 7893 2623 4907 4736 7713 8845 7946 2022 6568 1406 6047
470 9440 6763 7363 6056 4077 7443 751 552 1476 562 1925 6146 3510 4107
471 5842 353 779 1848 221 7593 2708 9302 9480 7555 6949 2447 4256
472 3985 9974 8473 4980 9124 8738 3414 787 2419 5483 5875 7920 2274
473 3971 330 6262 3100 52 8220 1826 2877 1498 239 5044 4296 827 5552
474 7119 4317 7804 3192 4973 3943 7891 4682 5295 6063 5485 812 5277
475 7824 8428 1017 4563 5756 4483 4151 3002 4743 8539 5546 5389 713 642 9087 638
476 5927 1697 5156 9714 4757 7592 3561 5247 9527 3170 7640 724
477 3855 8033 4971 8382 1694 3998 4498 745 6771 4483 9140 5326 1670 1757
478 1018 1857 7992 1113 542 6875 5327 8674 33 5245 9448 1682 5677
479 5195 9145 7142 5057 674 8576 4955 2319 2029 8027 4981 4170 8947 9023 3812
480 184 6382 3020 2550 8263 5163 6244 9862 8449 8547 9740 4697 3433 2730 5400
481 731 7379 2027 7824 9141 2442 2882 8484 7754 4990 1350 5012
482 3639 4880 232 5002 3373 9152 7150 3847 3737 7513 1907 5331
483 5049 6818 4503 8528 5855 5772 9417 9828 8331 7597 5621 4211 881
484 9676 1711 4788 2299 3115 7257 5459 3975 3038 9663 9947 6298 7825 9627 5365
485 2024 353 9326 5011 1626 8504 511 5903 6014 1628 9522
486 6893 6549 3660 6227 1358 529 7734 3486 8799 2300 8462 1476 9332 4431
487 8897 7613 8800 845 3109 5929 2877 8790 2372 101 7069 2093 2100
488 6076 8864 9752 5694 6573 6100 991 8538 2319 4718 6653 8947 6555
489 4335 98 8388 6599 3465 2037 1519 7977 44 9601 1858 4147
490 2177 2190 6349 6037 4703 1997 3184 578 7760 636 6201
491 6649 9020 9352 791 7203 9708 1318 7586 3543 3764 8653 2062 9755
492 4280 2134 56 5850 7664 9894 8090 9421 260 2697 5465 5811 1032 2165 1363
493 525 2313 5461 4583 4343 9666 4892 3161 4479 9898 3887 7230 7090
494 2015 3076 1953 2694 8267 9590 7585 4537 7206 3863 7616 6035 2019 794
495 9200 3277 745 3588 7418 2563 2704 1626 5416 1890 9477 1280
496 5936 7796 9825 384 5721 8659 1667 1501 8820 9810 8268 6180
497 8808 3626 258 8757 5394 9536 2235 272 3703
498 4187 2798 490 2930 5828 8548 8040 6665 5575 6360 2483
499 4046 3818 9746 5664 6635 5064 2948 7614 5372 8635 3410 6013
