100
0 0 186 104 11 2 4227 7 4 1 49 709 3 18 5
1 1 2 5 0 25 3 4040 3053 6614 8949 251 278
2 23 0 16 137 9547 2 41 1 111 3 13 12 5
3 2 12 1593 651 2657 3 75 173 197 134 18 0 499 7 11
4 0 39
5 8 116 0 439 1 62 4 3301 2 1217
6 2 24 3 1 736 0 8989
7 0 2 49 5 7 55 1948 1 38 74
8 0 7 637 1 25
9 0 660 9 33 16 10 7 1313 316 293 4253 5
10 1363 4 33 2 26 1390 836 12 2950 6 2628 13 258 0 1 1816 203 24 17 4430
11 0 21 114 19 2 4 65 167
12 61 845 0 288 2 29 1 1378 6571 519 78 2177 1250 383 57 7399 2961 90 10 3955 188 117
13 1 28 11 19 2 0 10 4 342 9677
14 1 24 1866 0 11 4848 303 2 17 1190 71 143 46
15 22 52 54 7 0 138 103 405 3476 3679 1 84 391 37 5 1099 143 29 11 3 2212 2 180
16 0
17 0 12 2 8 454
18 0 18 1 1251 322 94 3 2 701
19 1 9 6697 4 91 20 0 3699 5 602 6 11 722 3 29
20 26 148 1 0 62 19 247 5154 39 210 1039 214 11 14 64 495 107 2 1841
21 0 9 1 7 2 6 109 2546 8
22 0 180 2 6359 65 50 252 74 7702 33 4 29 73 96
23 4 50 1156 26 39 33 0 1042 2 21 323 1 462 44 107 131
24 1 6510 9175 0 70 6 44 2 8 335 41 31 4 9 3 330 186 40
25 0 193 5 2 7685 1001 109 138 3 1134 168
26 1 1290 15 0 406 63 3 28 1436 9798 2844 222 39 2132 21 1863 14 38
27 0 3 19 2
28 7 15 0 9338 422 1 2 3 19 478 44 4 2882 5
29 1 41 1389 0 350 5020
30 0 544
31 2 1130 10 5 3618 1530 354 1320 238 0 1506 47 50 7070
32 281 0 6 4 1 31 1414
33 0 284 2114 87 4 1 66 39 14 2 118 582
34 0 6755 395 62 2 6 15 18 51 3 46 3711 1 12
35 0 28 118 123
36 1 0 328
37 0 1 8 3140 10 322 19 1372 412
38 0 21 1759 2 16 9711
39 1 2 7 9061 0 8 455 1854 10 68 46 209 186 34 1743 172 2503 1927 86
40 0 48 452 262 5 11 3016
41 1 0 280 23 3 7606 516 27 5038
42 42 0 7 1108 432 36 19 46 5412 1 137 250
43 0 6 22
44 0 1
45 8 5 3 12 183 8843 59 1996 4 5270 105 39 10 1 1954 27 0 13 155 3644 7 447 151 665 225 229 47 384
46 2 1041 4372 628 0 19 6 1460 9 83
47 0 20 4 225 826 521 1476 26 14 6907 7 95 6 67 1119 194 12 129 140 101 266
48 0 5 3684 33 9 5728 4 2863 1 24 2986 101 2 51 4872
49 0 1593 1 1499 11 14 8 8973 272 3 419 2 297 23 1959 88 19
50 0 624 7 2 1610
51 0 1
52 0 7 5299 27
53 2 510 26 230 7433 23 2282 334 20 4 45 6 0 11
54 0 1 2 3 5 6
55 4 121 216 0 6 8 5 2 460 1137
56 0 1 25 9 32
57 1 3324 0 129 2 35 6169 7 11
58 2 0 55 89 4104 5850 1 1378 264 550 3
59 0 2 5 769 75 1011 1
60 0 412
61 4 369 25 4478 0 70 225 1 978 184 7981 266 7
62 0 356 11 662 14 10 332 5014 164 112 117 5 72 77 7 56 1 2091 2
63 0 2 2178 4 1283 115 45 2363 24 147 148 22 12 33 3 280 5410
64 1 2979 107 2 3 0 12 3038 4
65 0 21 1552 205 4 3617 588 383 315 3 1694 1
66 1 0 35 233 6 17 53 1959 1438 2 5973
67 2 54 0 1311 9 3 1 11 21 4 245 8150 775 25 63 119 32 8
68 9 8733 68 244 433 11 0 81 4 4138 5350 2 3 21 207 33 161 1 4211 42 17 278 31 6 7 193 5999 509
69 0 10
70 0 1257 151 2624 446 6 990 2862 2 1
71 2684 0 67 1 3
72 0 6 4 587 5027 289 8 13
73 3 1 65 0 2878 34 6 2 110
74 12 115 0 130 1235 2385
75 0 5990 3 2266 762 6 141 4 2 16 32
76 43 0 2 39
77 0 24 1 2517
78 2 3 5 0 11 8 1
79 0 500 2051 33 2221 98 238 5 21 2 4 3
80 41 2 36 2012 0 112 299 1 7 25 6 51 9628 17 609 99
81 0 3 2 26 1583 21 8 1
82 1 100 395 14 295 26 0
83 0 1027 89 6 1857
84 0 76 1 28 168 59 273 4 2 16 18 11 2942 40
85 2 13 338 419 505 0 224 6 169 101 476
86 0 16 348 6 2739 20 1
87 0 1 180 6 1368 34 505 3 2 559 9086 5638
88 0 6 1 3223 5 15 28 47
89 0 4 1 111 203
90 0 188 7820 5127 57 2 34 56 3 6
91 1 0 4 71 17
92 1 0 585 40 1054
93 0 406 9798 712 676
94 3 1966 13 7995 27 2610 0 11 10
95 4 20 0 2 19 1 15 779
96 5 448 9357 153 1 4 6438 0 6249 2 56 3
97 1 0 3 45 21 2 4 117 670 31
98 0 284 9 1 205 1487 106 46
99 2 1 6082 39 8886 1806 79 2832 8 0 29 6 3 172 7 1966 50 51 175 28
